<?xml version="1.0" encoding="UTF-8"?>
<!-- Generated by org.testng.reporters.JUnitXMLReporter -->
<testsuite ignored="0" hostname="LAPTOP-KJNJR68V" failures="0" tests="3" name="Default test" time="21.952" errors="0" timestamp="2023-10-29T11:36:55 IST">
  <testcase classname="module1.tests.standalonetest" name="submitOrder" time="3.29"/>
  <testcase classname="module1.tests.standalonetest" name="submitOrder" time="6.739"/>
  <testcase classname="module1.tests.standalonetest" name="verifyProductOnOrdersPage" time="0.715"/>
</testsuite> <!-- Default test -->
