<?xml version="1.0" encoding="UTF-8"?>
<!-- Generated by org.testng.reporters.JUnitXMLReporter -->
<testsuite ignored="0" hostname="LAPTOP-KJNJR68V" failures="0" tests="3" name="SubmitOrder" time="15.347" errors="0" timestamp="2023-10-30T16:58:05 IST">
  <testcase classname="module1.tests.standalonetest" name="submitOrder" time="2.666"/>
  <testcase classname="module1.tests.standalonetest" name="submitOrder" time="2.693"/>
  <testcase classname="module1.tests.standalonetest" name="verifyProductOnOrdersPage" time="0.414"/>
</testsuite> <!-- SubmitOrder -->
