<?xml version="1.0" encoding="UTF-8"?>
<testng-results ignored="0" total="3" passed="3" failed="0" skipped="0">
  <reporter-output>
  </reporter-output>
  <suite started-at="2023-10-29T11:36:33 IST" name="Default suite" finished-at="2023-10-29T11:36:55 IST" duration-ms="21952">
    <groups>
    </groups>
    <test started-at="2023-10-29T11:36:33 IST" name="Default test" finished-at="2023-10-29T11:36:55 IST" duration-ms="21952">
      <class name="module1.tests.standalonetest">
        <test-method is-config="true" signature="launchApplication()[pri:0, instance:module1.tests.standalonetest@2e6a8155]" started-at="2023-10-29T11:36:33 IST" name="launchApplication" finished-at="2023-10-29T11:36:39 IST" duration-ms="6188" status="PASS">
          <reporter-output>
          </reporter-output>
        </test-method> <!-- launchApplication -->
        <test-method signature="submitOrder(java.util.HashMap)[pri:0, instance:module1.tests.standalonetest@2e6a8155]" started-at="2023-10-29T11:36:39 IST" name="submitOrder" data-provider="dataprovider" finished-at="2023-10-29T11:36:42 IST" duration-ms="3290" status="PASS">
          <params>
            <param index="0">
              <value>
                <![CDATA[{email=nitin.n9@gmail.com, password=Iamking@000}]]>
              </value>
            </param>
          </params>
          <reporter-output>
          </reporter-output>
        </test-method> <!-- submitOrder -->
        <test-method is-config="true" signature="closeBrowser()[pri:0, instance:module1.tests.standalonetest@2e6a8155]" started-at="2023-10-29T11:36:42 IST" name="closeBrowser" finished-at="2023-10-29T11:36:42 IST" duration-ms="110" status="PASS">
          <reporter-output>
          </reporter-output>
        </test-method> <!-- closeBrowser -->
        <test-method is-config="true" signature="launchApplication()[pri:0, instance:module1.tests.standalonetest@2e6a8155]" started-at="2023-10-29T11:36:42 IST" name="launchApplication" finished-at="2023-10-29T11:36:45 IST" duration-ms="2447" status="PASS">
          <reporter-output>
          </reporter-output>
        </test-method> <!-- launchApplication -->
        <test-method signature="submitOrder(java.util.HashMap)[pri:0, instance:module1.tests.standalonetest@2e6a8155]" started-at="2023-10-29T11:36:45 IST" name="submitOrder" data-provider="dataprovider" finished-at="2023-10-29T11:36:52 IST" duration-ms="6739" status="PASS">
          <params>
            <param index="0">
              <value>
                <![CDATA[{email=nitin.n99@gmail.com, password=Iamking@000}]]>
              </value>
            </param>
          </params>
          <reporter-output>
          </reporter-output>
        </test-method> <!-- submitOrder -->
        <test-method is-config="true" signature="closeBrowser()[pri:0, instance:module1.tests.standalonetest@2e6a8155]" started-at="2023-10-29T11:36:52 IST" name="closeBrowser" finished-at="2023-10-29T11:36:52 IST" duration-ms="85" status="PASS">
          <reporter-output>
          </reporter-output>
        </test-method> <!-- closeBrowser -->
        <test-method is-config="true" signature="launchApplication()[pri:0, instance:module1.tests.standalonetest@2e6a8155]" started-at="2023-10-29T11:36:52 IST" name="launchApplication" finished-at="2023-10-29T11:36:54 IST" duration-ms="2086" status="PASS">
          <reporter-output>
          </reporter-output>
        </test-method> <!-- launchApplication -->
        <test-method signature="verifyProductOnOrdersPage()[pri:0, instance:module1.tests.standalonetest@2e6a8155]" started-at="2023-10-29T11:36:54 IST" name="verifyProductOnOrdersPage" finished-at="2023-10-29T11:36:55 IST" depends-on-methods="module1.tests.standalonetest.submitOrder" duration-ms="715" status="PASS">
          <reporter-output>
          </reporter-output>
        </test-method> <!-- verifyProductOnOrdersPage -->
        <test-method is-config="true" signature="closeBrowser()[pri:0, instance:module1.tests.standalonetest@2e6a8155]" started-at="2023-10-29T11:36:55 IST" name="closeBrowser" finished-at="2023-10-29T11:36:55 IST" duration-ms="72" status="PASS">
          <reporter-output>
          </reporter-output>
        </test-method> <!-- closeBrowser -->
      </class> <!-- module1.tests.standalonetest -->
    </test> <!-- Default test -->
  </suite> <!-- Default suite -->
</testng-results>
