<?xml version="1.0" encoding="UTF-8"?>
<testng-results ignored="0" total="4" passed="4" failed="0" skipped="0">
  <reporter-output>
  </reporter-output>
  <suite started-at="2023-10-30T15:04:29 IST" name="Suite" finished-at="2023-10-30T15:04:45 IST" duration-ms="16162">
    <groups>
    </groups>
    <test started-at="2023-10-30T15:04:29 IST" name="SubmitOrder" finished-at="2023-10-30T15:04:43 IST" duration-ms="14246">
      <class name="module1.tests.standalonetest">
        <test-method is-config="true" signature="launchApplication()[pri:0, instance:module1.tests.standalonetest@76a2ddf3]" started-at="2023-10-30T15:04:29 IST" name="launchApplication" finished-at="2023-10-30T15:04:32 IST" duration-ms="2830" status="PASS">
          <reporter-output>
          </reporter-output>
        </test-method> <!-- launchApplication -->
        <test-method signature="submitOrder(java.util.HashMap)[pri:0, instance:module1.tests.standalonetest@76a2ddf3]" started-at="2023-10-30T15:04:32 IST" name="submitOrder" data-provider="dataprovider" finished-at="2023-10-30T15:04:34 IST" duration-ms="2692" status="PASS">
          <params>
            <param index="0">
              <value>
                <![CDATA[{email=nitin.n9@gmail.com, password=Iamking@000}]]>
              </value>
            </param>
          </params>
          <reporter-output>
          </reporter-output>
        </test-method> <!-- submitOrder -->
        <test-method is-config="true" signature="closeBrowser()[pri:0, instance:module1.tests.standalonetest@76a2ddf3]" started-at="2023-10-30T15:04:34 IST" name="closeBrowser" finished-at="2023-10-30T15:04:35 IST" duration-ms="71" status="PASS">
          <reporter-output>
          </reporter-output>
        </test-method> <!-- closeBrowser -->
        <test-method is-config="true" signature="launchApplication()[pri:0, instance:module1.tests.standalonetest@76a2ddf3]" started-at="2023-10-30T15:04:35 IST" name="launchApplication" finished-at="2023-10-30T15:04:37 IST" duration-ms="2248" status="PASS">
          <reporter-output>
          </reporter-output>
        </test-method> <!-- launchApplication -->
        <test-method signature="submitOrder(java.util.HashMap)[pri:0, instance:module1.tests.standalonetest@76a2ddf3]" started-at="2023-10-30T15:04:37 IST" name="submitOrder" data-provider="dataprovider" finished-at="2023-10-30T15:04:40 IST" duration-ms="2752" status="PASS">
          <params>
            <param index="0">
              <value>
                <![CDATA[{email=nitin.n99@gmail.com, password=Iamking@000}]]>
              </value>
            </param>
          </params>
          <reporter-output>
          </reporter-output>
        </test-method> <!-- submitOrder -->
        <test-method is-config="true" signature="closeBrowser()[pri:0, instance:module1.tests.standalonetest@76a2ddf3]" started-at="2023-10-30T15:04:40 IST" name="closeBrowser" finished-at="2023-10-30T15:04:40 IST" duration-ms="69" status="PASS">
          <reporter-output>
          </reporter-output>
        </test-method> <!-- closeBrowser -->
        <test-method is-config="true" signature="launchApplication()[pri:0, instance:module1.tests.standalonetest@76a2ddf3]" started-at="2023-10-30T15:04:40 IST" name="launchApplication" finished-at="2023-10-30T15:04:42 IST" duration-ms="2350" status="PASS">
          <reporter-output>
          </reporter-output>
        </test-method> <!-- launchApplication -->
        <test-method signature="verifyProductOnOrdersPage()[pri:0, instance:module1.tests.standalonetest@76a2ddf3]" started-at="2023-10-30T15:04:42 IST" name="verifyProductOnOrdersPage" finished-at="2023-10-30T15:04:43 IST" depends-on-methods="module1.tests.standalonetest.submitOrder" duration-ms="508" status="PASS">
          <reporter-output>
          </reporter-output>
        </test-method> <!-- verifyProductOnOrdersPage -->
        <test-method is-config="true" signature="closeBrowser()[pri:0, instance:module1.tests.standalonetest@76a2ddf3]" started-at="2023-10-30T15:04:43 IST" name="closeBrowser" finished-at="2023-10-30T15:04:43 IST" duration-ms="76" status="PASS">
          <reporter-output>
          </reporter-output>
        </test-method> <!-- closeBrowser -->
      </class> <!-- module1.tests.standalonetest -->
    </test> <!-- SubmitOrder -->
    <test started-at="2023-10-30T15:04:43 IST" name="ErrorValidations" finished-at="2023-10-30T15:04:45 IST" duration-ms="1746">
      <class name="module1.tests.errorValidationTest">
        <test-method is-config="true" signature="launchApplication()[pri:0, instance:module1.tests.errorValidationTest@388526fb]" started-at="2023-10-30T15:04:43 IST" name="launchApplication" finished-at="2023-10-30T15:04:44 IST" duration-ms="1216" status="PASS">
          <reporter-output>
          </reporter-output>
        </test-method> <!-- launchApplication -->
        <test-method signature="errorvalidation()[pri:0, instance:module1.tests.errorValidationTest@388526fb]" started-at="2023-10-30T15:04:44 IST" name="errorvalidation" finished-at="2023-10-30T15:04:45 IST" duration-ms="285" status="PASS">
          <reporter-output>
          </reporter-output>
        </test-method> <!-- errorvalidation -->
        <test-method is-config="true" signature="closeBrowser()[pri:0, instance:module1.tests.errorValidationTest@388526fb]" started-at="2023-10-30T15:04:45 IST" name="closeBrowser" finished-at="2023-10-30T15:04:45 IST" duration-ms="72" status="PASS">
          <reporter-output>
          </reporter-output>
        </test-method> <!-- closeBrowser -->
      </class> <!-- module1.tests.errorValidationTest -->
    </test> <!-- ErrorValidations -->
  </suite> <!-- Suite -->
</testng-results>
